[INFO ] 2024-05-07 02:04:10.393 [main] StepDef - browser launched
[INFO ] 2024-05-07 02:04:16.603 [main] StepDef - open url
[INFO ] 2024-05-07 02:04:18.725 [main] StepDef - enter user credentials
[INFO ] 2024-05-07 02:04:22.321 [main] StepDef - click on login button
[INFO ] 2024-05-07 02:04:23.431 [main] StepDef - expected title of webpage not the same as current page
[INFO ] 2024-05-07 02:04:35.139 [main] StepDef - browser launched
[INFO ] 2024-05-07 02:04:41.303 [main] StepDef - open url
[INFO ] 2024-05-07 02:04:41.615 [main] StepDef - enter user credentials
[INFO ] 2024-05-07 02:04:44.831 [main] StepDef - click on login button
[INFO ] 2024-05-07 02:04:45.925 [main] StepDef - expected title of webpage not the same as current page
[INFO ] 2024-05-07 02:23:09.882 [main] StepDef - browser launched
[INFO ] 2024-05-07 02:23:17.010 [main] StepDef - open url
[INFO ] 2024-05-07 02:23:17.368 [main] StepDef - enter user credentials
[INFO ] 2024-05-07 02:23:20.272 [main] StepDef - click on login button
[INFO ] 2024-05-07 02:23:21.311 [main] StepDef - expected title of webpage not the same as current page
[INFO ] 2024-05-07 02:23:32.295 [main] StepDef - browser launched
[INFO ] 2024-05-07 02:23:38.035 [main] StepDef - open url
[INFO ] 2024-05-07 02:23:38.370 [main] StepDef - enter user credentials
[INFO ] 2024-05-07 02:23:41.554 [main] StepDef - click on login button
[INFO ] 2024-05-07 02:23:42.696 [main] StepDef - expected title of webpage not the same as current page
[INFO ] 2024-05-07 02:26:37.628 [main] StepDef - browser launched
[INFO ] 2024-05-07 02:26:44.907 [main] StepDef - open url
[INFO ] 2024-05-07 02:26:45.236 [main] StepDef - enter user credentials
[INFO ] 2024-05-07 02:27:04.133 [main] StepDef - click on login button
[INFO ] 2024-05-07 02:27:05.307 [main] StepDef - expected title of webpage not the same as current page
[INFO ] 2024-05-07 02:27:11.503 [main] StepDef - user is aded
[INFO ] 2024-05-07 02:27:30.207 [main] StepDef - browser launched
[INFO ] 2024-05-07 02:27:43.564 [main] StepDef - open url
[INFO ] 2024-05-07 02:27:44.014 [main] StepDef - enter user credentials
[INFO ] 2024-05-07 02:27:50.319 [main] StepDef - click on login button
[INFO ] 2024-05-07 02:27:51.713 [main] StepDef - expected title of webpage not the same as current page
[INFO ] 2024-05-07 03:07:01.557 [main] StepDef - browser launched
[INFO ] 2024-05-07 03:07:09.355 [main] StepDef - browser launched
[INFO ] 2024-05-07 03:08:16.825 [main] StepDef - browser launched
[INFO ] 2024-05-07 03:08:29.536 [main] StepDef - browser launched
[INFO ] 2024-05-07 03:11:33.618 [main] StepDef - browser launched
[INFO ] 2024-05-07 03:11:37.854 [main] StepDef - browser launched
[INFO ] 2024-05-07 03:12:10.404 [main] StepDef - browser launched
[INFO ] 2024-05-07 03:12:16.958 [main] StepDef - open url
[INFO ] 2024-05-07 03:12:17.553 [main] StepDef - enter user credentials
[INFO ] 2024-05-07 03:12:17.643 [main] StepDef - click on login button
[WARN ] 2024-05-07 03:12:17.654 [main] StepDef - expected title of webpage is the same as current page
[INFO ] 2024-05-07 03:12:20.427 [main] StepDef - browser launched
[INFO ] 2024-05-07 03:12:21.673 [main] StepDef - open url
[INFO ] 2024-05-07 03:20:41.295 [main] StepDef - browser launched
[INFO ] 2024-05-07 03:20:46.362 [main] StepDef - browser launched
[INFO ] 2024-05-09 22:10:30.132 [main] StepDef - browser launched
[INFO ] 2024-05-09 22:10:33.850 [main] StepDef - browser launched
[INFO ] 2024-05-09 22:12:04.216 [main] StepDef - browser launched
[INFO ] 2024-05-09 22:12:08.317 [main] StepDef - browser launched
[INFO ] 2024-05-09 22:30:03.374 [main] StepDef - browser launched
[INFO ] 2024-05-09 22:30:07.802 [main] StepDef - browser launched
[INFO ] 2024-05-09 22:31:40.342 [main] StepDef - browser launched
[INFO ] 2024-05-09 22:31:44.318 [main] StepDef - browser launched
[INFO ] 2024-05-09 22:33:22.698 [main] StepDef - browser launched
[INFO ] 2024-05-09 22:33:28.055 [main] StepDef - browser launched
[INFO ] 2024-05-09 22:35:55.976 [main] StepDef - browser launched
[INFO ] 2024-05-09 22:35:58.014 [main] StepDef - browser launched
[INFO ] 2024-05-09 22:38:17.397 [main] StepDef - browser launched
[INFO ] 2024-05-09 22:38:19.434 [main] StepDef - browser launched
[INFO ] 2024-05-09 22:49:33.327 [main] StepDef - browser launched
[INFO ] 2024-05-09 22:49:39.664 [main] StepDef - open url
[INFO ] 2024-05-09 22:49:39.979 [main] StepDef - enter user credentials
[INFO ] 2024-05-09 22:49:45.957 [main] StepDef - click on login button
[INFO ] 2024-05-09 22:49:47.006 [main] StepDef - expected title of webpage not the same as current page
[INFO ] 2024-05-09 22:49:50.511 [main] StepDef - user is aded
[INFO ] 2024-05-09 22:50:02.595 [main] StepDef - browser launched
[INFO ] 2024-05-09 22:50:14.625 [main] StepDef - open url
[INFO ] 2024-05-09 22:50:15.122 [main] StepDef - enter user credentials
[INFO ] 2024-05-09 22:50:20.889 [main] StepDef - click on login button
[INFO ] 2024-05-09 22:50:21.955 [main] StepDef - expected title of webpage not the same as current page
[INFO ] 2024-05-09 22:56:13.471 [main] StepDef - browser launched
[INFO ] 2024-05-09 22:56:19.063 [main] StepDef - open url
[INFO ] 2024-05-09 22:56:19.540 [main] StepDef - enter user credentials
[INFO ] 2024-05-09 22:56:19.700 [main] StepDef - click on login button
[WARN ] 2024-05-09 22:56:19.721 [main] StepDef - expected title of webpage is the same as current page
[INFO ] 2024-05-09 22:56:21.676 [main] StepDef - browser launched
[INFO ] 2024-05-09 22:56:28.232 [main] StepDef - open url
[INFO ] 2024-05-09 22:56:28.651 [main] StepDef - enter user credentials
[INFO ] 2024-05-09 22:56:28.751 [main] StepDef - click on login button
[WARN ] 2024-05-09 22:56:28.772 [main] StepDef - expected title of webpage is the same as current page
[INFO ] 2024-05-09 22:57:52.644 [main] StepDef - browser launched
[INFO ] 2024-05-09 22:57:59.030 [main] StepDef - open url
[INFO ] 2024-05-09 22:57:59.425 [main] StepDef - enter user credentials
[INFO ] 2024-05-09 22:58:12.725 [main] StepDef - click on login button
[INFO ] 2024-05-09 22:58:13.810 [main] StepDef - expected title of webpage not the same as current page
[INFO ] 2024-05-09 22:58:34.242 [main] StepDef - user is aded
[INFO ] 2024-05-09 22:58:42.218 [main] StepDef - browser launched
[INFO ] 2024-05-09 22:58:46.667 [main] StepDef - open url
[INFO ] 2024-05-09 22:58:47.065 [main] StepDef - enter user credentials
[INFO ] 2024-05-09 22:58:53.268 [main] StepDef - click on login button
[INFO ] 2024-05-09 22:58:54.271 [main] StepDef - expected title of webpage not the same as current page
[INFO ] 2024-05-18 01:08:13.683 [main] StepDef - browser launched
[INFO ] 2024-05-18 01:08:15.835 [main] StepDef - open url
[INFO ] 2024-05-18 01:08:16.364 [main] StepDef - enter user credentials
[INFO ] 2024-05-18 01:08:21.518 [main] StepDef - click on login button
[INFO ] 2024-05-18 01:08:22.329 [main] StepDef - expected title of webpage not the same as current page
[INFO ] 2024-05-18 01:08:32.544 [main] StepDef - user is aded
[INFO ] 2024-05-18 01:08:47.759 [main] StepDef - browser launched
[INFO ] 2024-05-18 01:08:55.387 [main] StepDef - open url
[INFO ] 2024-05-18 01:08:55.756 [main] StepDef - enter user credentials
[INFO ] 2024-05-18 01:09:02.336 [main] StepDef - click on login button
[INFO ] 2024-05-18 01:09:03.204 [main] StepDef - expected title of webpage not the same as current page
[INFO ] 2024-05-18 01:40:12.246 [main] StepDef - browser launched
[INFO ] 2024-05-18 01:40:15.410 [main] StepDef - open url
[INFO ] 2024-05-18 01:40:16.889 [main] StepDef - enter user credentials
[INFO ] 2024-05-18 01:40:20.249 [main] StepDef - click on login button
[INFO ] 2024-05-18 01:40:21.460 [main] StepDef - expected title of webpage not the same as current page
[INFO ] 2024-05-18 01:40:24.557 [main] StepDef - user is aded
[INFO ] 2024-05-18 01:40:36.985 [main] StepDef - browser launched
[INFO ] 2024-05-18 01:40:43.020 [main] StepDef - open url
[INFO ] 2024-05-18 01:40:43.376 [main] StepDef - enter user credentials
[INFO ] 2024-05-18 01:40:48.413 [main] StepDef - click on login button
[INFO ] 2024-05-18 01:40:49.520 [main] StepDef - expected title of webpage not the same as current page
[INFO ] 2024-05-18 02:17:25.642 [main] StepDef - browser launched
[INFO ] 2024-05-18 02:17:33.460 [main] StepDef - open url
[INFO ] 2024-05-18 02:17:34.035 [main] StepDef - enter user credentials
[INFO ] 2024-05-18 02:17:37.405 [main] StepDef - click on login button
[INFO ] 2024-05-18 02:17:42.053 [main] StepDef - browser launched
[INFO ] 2024-05-18 02:18:00.107 [main] StepDef - open url
[INFO ] 2024-05-18 02:18:00.529 [main] StepDef - enter user credentials
[INFO ] 2024-05-18 02:18:05.515 [main] StepDef - click on login button
[INFO ] 2024-05-19 17:42:11.680 [main] StepDef - browser launched
[INFO ] 2024-05-19 17:45:14.563 [main] StepDef - browser launched
[INFO ] 2024-05-19 17:45:20.340 [main] StepDef - open url
[INFO ] 2024-05-19 17:45:21.274 [main] StepDef - enter user credentials
[INFO ] 2024-05-19 17:45:25.766 [main] StepDef - click on login button
[INFO ] 2024-05-19 17:45:26.776 [main] StepDef - expected title of webpage not the same as current page
[INFO ] 2024-05-19 17:47:43.030 [main] StepDef - browser launched
[INFO ] 2024-05-19 17:47:48.477 [main] StepDef - open url
[INFO ] 2024-05-19 17:47:48.942 [main] StepDef - enter user credentials
[INFO ] 2024-05-19 17:47:52.105 [main] StepDef - click on login button
[INFO ] 2024-05-19 17:47:53.167 [main] StepDef - expected title of webpage not the same as current page
[INFO ] 2024-05-19 17:47:55.558 [main] StepDef - user is aded
[INFO ] 2024-05-19 17:48:02.353 [main] StepDef - browser launched
[INFO ] 2024-05-19 17:48:07.399 [main] StepDef - open url
[INFO ] 2024-05-19 17:48:07.784 [main] StepDef - enter user credentials
[INFO ] 2024-05-19 17:48:11.858 [main] StepDef - click on login button
[INFO ] 2024-05-19 17:48:12.971 [main] StepDef - expected title of webpage not the same as current page
[INFO ] 2024-05-19 17:50:39.813 [main] StepDef - browser launched
[INFO ] 2024-05-19 17:50:44.605 [main] StepDef - open url
[INFO ] 2024-05-19 17:50:45.049 [main] StepDef - enter user credentials
[INFO ] 2024-05-19 17:50:49.157 [main] StepDef - click on login button
[INFO ] 2024-05-19 17:50:50.246 [main] StepDef - expected title of webpage not the same as current page
[INFO ] 2024-05-19 17:50:52.699 [main] StepDef - user is aded
[INFO ] 2024-05-19 17:51:01.026 [main] StepDef - browser launched
[INFO ] 2024-05-19 17:51:07.256 [main] StepDef - open url
[INFO ] 2024-05-19 17:51:07.736 [main] StepDef - enter user credentials
[INFO ] 2024-05-19 17:51:14.025 [main] StepDef - click on login button
[INFO ] 2024-05-19 17:51:15.227 [main] StepDef - expected title of webpage not the same as current page
[INFO ] 2024-05-19 17:56:28.828 [main] StepDef - browser launched
[INFO ] 2024-05-19 17:56:35.739 [main] StepDef - open url
[INFO ] 2024-05-19 17:56:36.171 [main] StepDef - enter user credentials
[INFO ] 2024-05-19 17:56:40.934 [main] StepDef - click on login button
[INFO ] 2024-05-19 17:56:41.863 [main] StepDef - expected title of webpage not the same as current page
[INFO ] 2024-05-19 17:56:44.093 [main] StepDef - browser launched
[INFO ] 2024-05-19 17:56:56.447 [main] StepDef - open url
[INFO ] 2024-05-19 17:56:56.838 [main] StepDef - enter user credentials
[INFO ] 2024-05-19 17:57:02.233 [main] StepDef - click on login button
[INFO ] 2024-05-19 17:57:03.473 [main] StepDef - expected title of webpage not the same as current page
[INFO ] 2024-05-19 18:56:15.886 [main] StepDef - browser launched
[INFO ] 2024-05-19 18:56:22.812 [main] StepDef - open url
[INFO ] 2024-05-19 18:56:23.390 [main] StepDef - enter user credentials
[INFO ] 2024-05-19 18:56:27.520 [main] StepDef - click on login button
[INFO ] 2024-05-19 18:56:28.628 [main] StepDef - expected title of webpage not the same as current page
[INFO ] 2024-05-19 18:56:31.457 [main] StepDef - browser launched
[INFO ] 2024-05-19 18:56:41.308 [main] StepDef - open url
[INFO ] 2024-05-19 18:56:41.861 [main] StepDef - enter user credentials
[INFO ] 2024-05-19 18:56:47.747 [main] StepDef - click on login button
[INFO ] 2024-05-19 18:56:48.744 [main] StepDef - expected title of webpage not the same as current page
[INFO ] 2024-05-19 19:32:02.134 [main] StepDef - browser launched
[INFO ] 2024-05-19 19:32:08.028 [main] StepDef - open url
[INFO ] 2024-05-19 19:32:08.367 [main] StepDef - enter user credentials
[INFO ] 2024-05-19 19:32:12.218 [main] StepDef - click on login button
[INFO ] 2024-05-19 19:32:13.284 [main] StepDef - expected title of webpage not the same as current page
[INFO ] 2024-05-19 19:32:25.924 [main] StepDef - browser launched
[INFO ] 2024-05-19 19:32:35.490 [main] StepDef - open url
[INFO ] 2024-05-19 19:32:35.897 [main] StepDef - enter user credentials
[INFO ] 2024-05-19 19:32:40.448 [main] StepDef - click on login button
[INFO ] 2024-05-19 19:32:40.501 [main] StepDef - expected title of webpage not the same as current page
[INFO ] 2024-05-19 19:37:44.913 [main] StepDef - browser launched
[INFO ] 2024-05-19 19:37:50.754 [main] StepDef - open url
[INFO ] 2024-05-19 19:37:51.206 [main] StepDef - enter user credentials
[INFO ] 2024-05-19 19:37:55.455 [main] StepDef - click on login button
[INFO ] 2024-05-19 19:37:56.302 [main] StepDef - expected title of webpage not the same as current page
[INFO ] 2024-05-19 19:38:01.826 [main] StepDef - browser launched
[INFO ] 2024-05-19 19:38:08.711 [main] StepDef - open url
[INFO ] 2024-05-19 19:38:09.081 [main] StepDef - enter user credentials
[INFO ] 2024-05-19 19:38:14.536 [main] StepDef - click on login button
[INFO ] 2024-05-19 19:38:15.742 [main] StepDef - expected title of webpage not the same as current page
[INFO ] 2024-05-19 19:41:05.301 [main] StepDef - browser launched
[INFO ] 2024-05-19 19:41:10.617 [main] StepDef - open url
[INFO ] 2024-05-19 19:41:11.010 [main] StepDef - enter user credentials
[INFO ] 2024-05-19 19:41:15.269 [main] StepDef - click on login button
[INFO ] 2024-05-19 19:41:16.064 [main] StepDef - expected title of webpage not the same as current page
[INFO ] 2024-05-19 20:15:11.894 [main] StepDef - browser launched
[INFO ] 2024-05-19 20:15:19.418 [main] StepDef - open url
[INFO ] 2024-05-19 20:15:19.823 [main] StepDef - enter user credentials
[INFO ] 2024-05-19 20:15:26.113 [main] StepDef - click on login button
[INFO ] 2024-05-19 20:15:27.143 [main] StepDef - expected title of webpage not the same as current page
[INFO ] 2024-05-19 20:15:41.819 [main] StepDef - browser launched
[INFO ] 2024-05-19 20:15:59.727 [main] StepDef - open url
[INFO ] 2024-05-19 20:16:00.231 [main] StepDef - enter user credentials
[INFO ] 2024-05-19 20:16:04.649 [main] StepDef - click on login button
[INFO ] 2024-05-19 20:16:05.653 [main] StepDef - expected title of webpage not the same as current page
[INFO ] 2024-05-19 20:31:19.964 [main] StepDef - browser launched
[INFO ] 2024-05-19 20:31:27.698 [main] StepDef - open url
[INFO ] 2024-05-19 20:31:28.158 [main] StepDef - enter user credentials
[INFO ] 2024-05-19 20:31:33.071 [main] StepDef - click on login button
[INFO ] 2024-05-19 20:31:34.421 [main] StepDef - expected title of webpage not the same as current page
[INFO ] 2024-05-19 20:31:42.844 [main] StepDef - browser launched
[INFO ] 2024-05-19 20:31:44.112 [main] StepDef - open url
[INFO ] 2024-05-19 20:32:56.401 [main] StepDef - browser launched
[INFO ] 2024-05-19 20:33:01.441 [main] StepDef - browser launched
[INFO ] 2024-05-19 20:33:06.144 [main] StepDef - browser launched
[INFO ] 2024-05-19 20:35:11.895 [main] StepDef - browser launched
[INFO ] 2024-05-19 20:35:17.959 [main] StepDef - open url
[INFO ] 2024-05-19 20:35:18.346 [main] StepDef - enter user credentials
[INFO ] 2024-05-19 20:35:22.207 [main] StepDef - click on login button
[INFO ] 2024-05-19 20:35:23.236 [main] StepDef - expected title of webpage not the same as current page
[INFO ] 2024-05-19 20:39:51.771 [main] StepDef - browser launched
[INFO ] 2024-05-19 20:40:00.703 [main] StepDef - open url
[INFO ] 2024-05-19 20:40:01.169 [main] StepDef - enter user credentials
[INFO ] 2024-05-19 20:40:05.131 [main] StepDef - click on login button
[INFO ] 2024-05-19 20:40:06.180 [main] StepDef - expected title of webpage not the same as current page
[INFO ] 2024-05-19 20:40:18.402 [main] StepDef - browser launched
[INFO ] 2024-05-19 20:40:23.861 [main] StepDef - open url
[INFO ] 2024-05-19 20:57:51.951 [main] StepDef - browser launched
[INFO ] 2024-05-19 20:58:01.600 [main] StepDef - open url
[INFO ] 2024-05-19 20:58:09.758 [main] StepDef - browser launched
[INFO ] 2024-05-19 20:58:18.361 [main] StepDef - open url
[INFO ] 2024-05-19 20:58:19.128 [main] StepDef - enter user credentials
[INFO ] 2024-05-19 20:58:26.865 [main] StepDef - click on login button
[INFO ] 2024-05-19 20:58:26.883 [main] StepDef - expected title of webpage not the same as current page
[INFO ] 2024-05-19 21:10:11.092 [main] StepDef - browser launched
[INFO ] 2024-05-19 21:10:16.489 [main] StepDef - open url
[INFO ] 2024-05-19 21:10:16.897 [main] StepDef - enter user credentials
[INFO ] 2024-05-19 21:10:20.662 [main] StepDef - click on login button
[INFO ] 2024-05-19 21:10:21.619 [main] StepDef - expected title of webpage not the same as current page
[INFO ] 2024-05-19 21:10:27.697 [main] StepDef - browser launched
[INFO ] 2024-05-19 21:10:36.157 [main] StepDef - open url
[INFO ] 2024-05-19 21:10:36.547 [main] StepDef - enter user credentials
[INFO ] 2024-05-19 21:10:45.791 [main] StepDef - click on login button
[INFO ] 2024-05-19 21:10:47.686 [main] StepDef - expected title of webpage not the same as current page
[INFO ] 2024-05-19 21:14:29.228 [main] StepDef - browser launched
[INFO ] 2024-05-19 21:14:41.166 [main] StepDef - open url
[INFO ] 2024-05-19 21:14:41.546 [main] StepDef - enter user credentials
[INFO ] 2024-05-19 21:14:48.928 [main] StepDef - click on login button
[INFO ] 2024-05-19 21:14:49.917 [main] StepDef - expected title of webpage not the same as current page
[INFO ] 2024-05-19 21:15:07.537 [main] StepDef - browser launched
[INFO ] 2024-05-19 21:15:16.763 [main] StepDef - open url
[INFO ] 2024-05-19 21:15:17.157 [main] StepDef - enter user credentials
[INFO ] 2024-05-19 21:15:23.051 [main] StepDef - click on login button
[INFO ] 2024-05-19 21:15:25.028 [main] StepDef - expected title of webpage not the same as current page
[INFO ] 2024-05-19 21:30:32.094 [main] StepDef - browser launched
[INFO ] 2024-05-19 21:30:41.736 [main] StepDef - open url
[INFO ] 2024-05-19 21:30:42.149 [main] StepDef - enter user credentials
[INFO ] 2024-05-19 21:31:17.656 [main] StepDef - click on login button
[INFO ] 2024-05-19 21:31:19.325 [main] StepDef - expected title of webpage not the same as current page
[INFO ] 2024-05-19 21:31:35.600 [main] StepDef - browser launched
[INFO ] 2024-05-19 21:31:45.939 [main] StepDef - open url
[INFO ] 2024-05-19 21:31:46.563 [main] StepDef - enter user credentials
[INFO ] 2024-05-19 21:31:51.007 [main] StepDef - click on login button
[INFO ] 2024-05-19 21:31:52.011 [main] StepDef - expected title of webpage not the same as current page
[INFO ] 2024-05-19 21:36:22.747 [main] StepDef - browser launched
[INFO ] 2024-05-19 21:36:32.977 [main] StepDef - open url
[INFO ] 2024-05-19 21:36:33.340 [main] StepDef - enter user credentials
[INFO ] 2024-05-19 21:37:03.781 [main] StepDef - click on login button
[INFO ] 2024-05-19 21:37:04.813 [main] StepDef - expected title of webpage not the same as current page
[INFO ] 2024-05-19 21:37:06.495 [main] StepDef - browser launched
[INFO ] 2024-05-19 21:37:13.545 [main] StepDef - open url
[INFO ] 2024-05-19 21:37:13.896 [main] StepDef - enter user credentials
[INFO ] 2024-05-19 21:37:33.056 [main] StepDef - click on login button
[INFO ] 2024-05-19 21:37:35.283 [main] StepDef - expected title of webpage not the same as current page
[INFO ] 2024-05-19 21:40:15.942 [main] StepDef - browser launched
[INFO ] 2024-05-19 21:40:23.385 [main] StepDef - open url
[INFO ] 2024-05-19 21:40:23.782 [main] StepDef - enter user credentials
[INFO ] 2024-05-19 21:40:27.998 [main] StepDef - click on login button
[INFO ] 2024-05-19 21:40:28.906 [main] StepDef - expected title of webpage not the same as current page
[INFO ] 2024-05-19 21:40:30.573 [main] StepDef - browser launched
[INFO ] 2024-05-19 21:40:41.296 [main] StepDef - open url
[INFO ] 2024-05-19 21:40:41.680 [main] StepDef - enter user credentials
[INFO ] 2024-05-19 21:40:50.005 [main] StepDef - click on login button
[INFO ] 2024-05-19 21:40:51.265 [main] StepDef - expected title of webpage not the same as current page
[INFO ] 2024-05-19 21:43:29.303 [main] StepDef - browser launched
[INFO ] 2024-05-19 21:43:37.201 [main] StepDef - open url
[INFO ] 2024-05-19 21:43:37.613 [main] StepDef - enter user credentials
[INFO ] 2024-05-19 21:43:44.371 [main] StepDef - click on login button
[INFO ] 2024-05-19 21:43:58.133 [main] StepDef - browser launched
[INFO ] 2024-05-19 21:44:14.144 [main] StepDef - open url
[INFO ] 2024-05-19 21:44:14.726 [main] StepDef - enter user credentials
[INFO ] 2024-05-19 21:44:20.520 [main] StepDef - click on login button
[INFO ] 2024-05-19 22:51:20.629 [main] StepDef - browser launched
[INFO ] 2024-05-19 22:51:41.349 [main] StepDef - open url
[INFO ] 2024-05-19 22:51:51.196 [main] StepDef - enter user credentials
[INFO ] 2024-05-19 22:52:02.445 [main] StepDef - click on login button
[INFO ] 2024-05-19 22:52:40.591 [main] StepDef - browser launched
[INFO ] 2024-05-19 22:52:53.812 [main] StepDef - open url
[INFO ] 2024-05-19 22:52:54.325 [main] StepDef - enter user credentials
[INFO ] 2024-05-19 22:53:01.359 [main] StepDef - click on login button
[INFO ] 2024-05-19 22:57:36.913 [main] StepDef - browser launched
[INFO ] 2024-05-19 22:57:50.231 [main] StepDef - open url
[INFO ] 2024-05-19 22:57:51.707 [main] StepDef - enter user credentials
[INFO ] 2024-05-19 22:58:13.436 [main] StepDef - click on login button
[INFO ] 2024-05-19 22:58:46.189 [main] StepDef - browser launched
[INFO ] 2024-05-19 22:58:56.110 [main] StepDef - open url
[INFO ] 2024-05-19 22:58:56.648 [main] StepDef - enter user credentials
[INFO ] 2024-05-19 22:59:00.787 [main] StepDef - click on login button
[INFO ] 2024-05-19 23:06:05.361 [main] StepDef - browser launched
[INFO ] 2024-05-19 23:06:17.054 [main] StepDef - open url
[INFO ] 2024-05-19 23:06:18.039 [main] StepDef - enter user credentials
[INFO ] 2024-05-19 23:06:24.991 [main] StepDef - click on login button
[INFO ] 2024-05-19 23:06:39.838 [main] StepDef - browser launched
[INFO ] 2024-05-19 23:06:55.788 [main] StepDef - open url
[INFO ] 2024-05-19 23:06:56.197 [main] StepDef - enter user credentials
[INFO ] 2024-05-19 23:07:06.159 [main] StepDef - click on login button
[INFO ] 2024-05-19 23:08:59.407 [main] StepDef - browser launched
[INFO ] 2024-05-19 23:09:04.556 [main] StepDef - open url
[INFO ] 2024-05-19 23:09:04.918 [main] StepDef - enter user credentials
[INFO ] 2024-05-19 23:09:08.550 [main] StepDef - click on login button
[INFO ] 2024-05-19 23:09:18.412 [main] StepDef - browser launched
[INFO ] 2024-05-19 23:09:24.795 [main] StepDef - open url
[INFO ] 2024-05-19 23:09:25.306 [main] StepDef - enter user credentials
[INFO ] 2024-05-19 23:09:28.459 [main] StepDef - click on login button
[INFO ] 2024-05-19 23:20:20.347 [main] StepDef - browser launched
[INFO ] 2024-05-19 23:20:25.695 [main] StepDef - open url
[INFO ] 2024-05-19 23:20:26.157 [main] StepDef - enter user credentials
[INFO ] 2024-05-19 23:20:30.015 [main] StepDef - click on login button
[INFO ] 2024-05-19 23:20:36.514 [main] StepDef - browser launched
[INFO ] 2024-05-19 23:20:45.215 [main] StepDef - open url
[INFO ] 2024-05-19 23:20:45.591 [main] StepDef - enter user credentials
[INFO ] 2024-05-19 23:20:49.460 [main] StepDef - click on login button
[INFO ] 2024-05-19 23:26:22.572 [main] StepDef - browser launched
[INFO ] 2024-05-19 23:26:28.691 [main] StepDef - open url
[INFO ] 2024-05-19 23:26:29.123 [main] StepDef - enter user credentials
[INFO ] 2024-05-19 23:26:33.159 [main] StepDef - click on login button
[INFO ] 2024-05-19 23:26:38.430 [main] StepDef - browser launched
[INFO ] 2024-05-19 23:26:45.654 [main] StepDef - open url
[INFO ] 2024-05-19 23:26:46.055 [main] StepDef - enter user credentials
[INFO ] 2024-05-19 23:26:50.576 [main] StepDef - click on login button
[INFO ] 2024-05-19 23:28:13.961 [main] StepDef - browser launched
[INFO ] 2024-05-19 23:28:19.696 [main] StepDef - open url
[INFO ] 2024-05-19 23:28:20.199 [main] StepDef - enter user credentials
[INFO ] 2024-05-19 23:28:23.467 [main] StepDef - click on login button
[INFO ] 2024-05-19 23:28:26.914 [main] StepDef - user is aded
[INFO ] 2024-05-19 23:28:32.819 [main] StepDef - browser launched
[INFO ] 2024-05-19 23:28:38.215 [main] StepDef - open url
[INFO ] 2024-05-19 23:28:38.537 [main] StepDef - enter user credentials
[INFO ] 2024-05-19 23:28:44.890 [main] StepDef - click on login button
[INFO ] 2024-05-19 23:33:57.411 [main] StepDef - browser launched
[INFO ] 2024-05-19 23:34:03.099 [main] StepDef - open url
[INFO ] 2024-05-19 23:34:03.518 [main] StepDef - enter user credentials
[INFO ] 2024-05-19 23:34:06.647 [main] StepDef - click on login button
[INFO ] 2024-05-19 23:34:12.014 [main] StepDef - user is aded
[INFO ] 2024-05-19 23:34:19.316 [main] StepDef - browser launched
[INFO ] 2024-05-19 23:34:26.218 [main] StepDef - open url
[INFO ] 2024-05-19 23:34:26.778 [main] StepDef - enter user credentials
[INFO ] 2024-05-19 23:34:29.797 [main] StepDef - click on login button
[INFO ] 2024-05-19 23:37:52.158 [main] StepDef - browser launched
[INFO ] 2024-05-19 23:37:59.095 [main] StepDef - open url
[INFO ] 2024-05-19 23:37:59.587 [main] StepDef - enter user credentials
[INFO ] 2024-05-19 23:38:04.197 [main] StepDef - click on login button
[INFO ] 2024-05-19 23:38:13.074 [main] StepDef - user is aded
[INFO ] 2024-05-19 23:38:24.929 [main] StepDef - browser launched
[INFO ] 2024-05-19 23:38:32.228 [main] StepDef - open url
[INFO ] 2024-05-19 23:38:32.737 [main] StepDef - enter user credentials
[INFO ] 2024-05-19 23:38:35.917 [main] StepDef - click on login button
[INFO ] 2024-05-20 00:00:12.888 [main] StepDef - browser launched
[INFO ] 2024-05-20 00:00:19.003 [main] StepDef - open url
[INFO ] 2024-05-20 00:00:19.454 [main] StepDef - enter user credentials
[INFO ] 2024-05-20 00:00:23.948 [main] StepDef - click on login button
[INFO ] 2024-05-20 00:01:53.855 [main] StepDef - browser launched
[INFO ] 2024-05-20 00:01:59.041 [main] StepDef - open url
[INFO ] 2024-05-20 00:01:59.608 [main] StepDef - enter user credentials
[INFO ] 2024-05-20 00:02:04.450 [main] StepDef - click on login button
[INFO ] 2024-05-20 00:05:22.742 [main] StepDef - browser launched
[INFO ] 2024-05-20 00:05:28.698 [main] StepDef - open url
[INFO ] 2024-05-20 00:05:29.071 [main] StepDef - enter user credentials
[INFO ] 2024-05-20 00:05:35.486 [main] StepDef - click on login button
[INFO ] 2024-05-20 00:06:51.155 [main] StepDef - browser launched
[INFO ] 2024-05-20 00:06:58.548 [main] StepDef - open url
[INFO ] 2024-05-20 00:06:58.917 [main] StepDef - enter user credentials
[INFO ] 2024-05-20 00:07:13.412 [main] StepDef - click on login button
[INFO ] 2024-05-20 00:09:30.344 [main] StepDef - browser launched
[INFO ] 2024-05-20 00:09:40.017 [main] StepDef - open url
[INFO ] 2024-05-20 00:09:40.415 [main] StepDef - enter user credentials
[INFO ] 2024-05-20 00:09:43.057 [main] StepDef - click on login button
[INFO ] 2024-05-20 00:10:25.094 [main] StepDef - browser launched
[INFO ] 2024-05-20 00:10:32.814 [main] StepDef - open url
[INFO ] 2024-05-20 00:10:33.222 [main] StepDef - enter user credentials
[INFO ] 2024-05-20 00:11:01.460 [main] StepDef - click on login button
[INFO ] 2024-05-20 00:15:11.822 [main] StepDef - browser launched
[INFO ] 2024-05-20 00:15:16.699 [main] StepDef - open url
[INFO ] 2024-05-20 00:15:17.254 [main] StepDef - enter user credentials
[INFO ] 2024-05-20 00:15:20.332 [main] StepDef - click on login button
[INFO ] 2024-05-20 00:17:21.127 [main] StepDef - browser launched
[INFO ] 2024-05-20 00:17:32.261 [main] StepDef - open url
[INFO ] 2024-05-20 00:17:32.874 [main] StepDef - enter user credentials
[INFO ] 2024-05-20 00:17:37.815 [main] StepDef - click on login button
[INFO ] 2024-05-20 00:21:02.390 [main] StepDef - browser launched
[INFO ] 2024-05-20 00:21:10.128 [main] StepDef - open url
[INFO ] 2024-05-20 00:21:10.563 [main] StepDef - enter user credentials
[INFO ] 2024-05-20 00:21:13.700 [main] StepDef - click on login button
[INFO ] 2024-05-20 00:25:38.840 [main] StepDef - browser launched
[INFO ] 2024-05-20 00:25:41.723 [main] StepDef - open url
[INFO ] 2024-05-20 00:25:42.860 [main] StepDef - enter user credentials
[INFO ] 2024-05-20 00:25:46.917 [main] StepDef - click on login button
[INFO ] 2024-05-20 00:36:06.179 [main] StepDef - browser launched
[INFO ] 2024-05-20 00:36:10.328 [main] StepDef - open url
[INFO ] 2024-05-20 00:36:10.702 [main] StepDef - enter user credentials
[INFO ] 2024-05-20 00:36:17.805 [main] StepDef - click on login button
[INFO ] 2024-05-20 00:38:27.063 [main] StepDef - browser launched
[INFO ] 2024-05-20 00:38:33.761 [main] StepDef - open url
[INFO ] 2024-05-20 00:38:34.169 [main] StepDef - enter user credentials
[INFO ] 2024-05-20 00:38:38.468 [main] StepDef - click on login button
[INFO ] 2024-05-20 00:42:36.725 [main] StepDef - browser launched
[INFO ] 2024-05-20 01:03:34.655 [main] StepDef - browser launched
[INFO ] 2024-05-20 01:03:48.425 [main] StepDef - open url
[INFO ] 2024-05-20 01:03:48.854 [main] StepDef - enter user credentials
[INFO ] 2024-05-20 01:03:55.629 [main] StepDef - click on login button
[INFO ] 2024-05-20 01:05:53.846 [main] StepDef - browser launched
[INFO ] 2024-05-20 01:05:59.143 [main] StepDef - open url
[INFO ] 2024-05-20 01:05:59.689 [main] StepDef - enter user credentials
[INFO ] 2024-05-20 01:06:03.776 [main] StepDef - click on login button
[INFO ] 2024-05-20 01:12:02.415 [main] StepDef - browser launched
[INFO ] 2024-05-20 01:12:11.401 [main] StepDef - open url
[INFO ] 2024-05-20 01:12:11.946 [main] StepDef - enter user credentials
[INFO ] 2024-05-20 01:12:18.691 [main] StepDef - click on login button
[INFO ] 2024-05-20 01:15:28.149 [main] StepDef - browser launched
[INFO ] 2024-05-20 01:15:32.796 [main] StepDef - open url
[INFO ] 2024-05-20 01:15:33.229 [main] StepDef - enter user credentials
[INFO ] 2024-05-20 01:15:36.557 [main] StepDef - click on login button
[INFO ] 2024-05-20 01:17:29.546 [main] StepDef - browser launched
[INFO ] 2024-05-20 01:17:36.533 [main] StepDef - open url
[INFO ] 2024-05-20 01:17:37.266 [main] StepDef - enter user credentials
[INFO ] 2024-05-20 01:17:44.680 [main] StepDef - click on login button
[INFO ] 2024-05-20 02:03:21.545 [main] StepDef - browser launched
[INFO ] 2024-05-20 02:03:27.940 [main] StepDef - open url
[INFO ] 2024-05-20 02:03:28.424 [main] StepDef - enter user credentials
[INFO ] 2024-05-20 02:03:31.447 [main] StepDef - click on login button
[INFO ] 2024-05-20 02:03:41.609 [main] StepDef - browser launched
[INFO ] 2024-05-20 02:03:50.236 [main] StepDef - open url
[INFO ] 2024-05-20 02:03:50.689 [main] StepDef - enter user credentials
[INFO ] 2024-05-20 02:03:57.843 [main] StepDef - click on login button
[INFO ] 2024-05-20 02:17:27.332 [main] StepDef - browser launched
[INFO ] 2024-05-20 02:17:33.796 [main] StepDef - open url
[INFO ] 2024-05-20 02:17:34.261 [main] StepDef - enter user credentials
[INFO ] 2024-05-20 02:17:37.041 [main] StepDef - click on login button
[INFO ] 2024-05-20 02:17:44.723 [main] StepDef - browser launched
[INFO ] 2024-05-20 02:17:53.716 [main] StepDef - open url
[INFO ] 2024-05-20 02:17:54.238 [main] StepDef - enter user credentials
[INFO ] 2024-05-20 02:17:59.125 [main] StepDef - click on login button
[INFO ] 2024-05-20 02:23:45.890 [main] StepDef - browser launched
[INFO ] 2024-05-20 02:23:51.094 [main] StepDef - open url
[INFO ] 2024-05-20 02:23:51.517 [main] StepDef - enter user credentials
[INFO ] 2024-05-20 02:23:54.911 [main] StepDef - click on login button
[INFO ] 2024-05-20 02:23:57.652 [main] StepDef - browser launched
[INFO ] 2024-05-20 02:24:03.141 [main] StepDef - open url
[INFO ] 2024-05-20 02:24:03.667 [main] StepDef - enter user credentials
[INFO ] 2024-05-20 02:24:07.099 [main] StepDef - click on login button
[INFO ] 2024-05-20 02:58:43.938 [main] StepDef - browser launched
[INFO ] 2024-05-20 02:58:49.884 [main] StepDef - open url
[INFO ] 2024-05-20 02:58:50.322 [main] StepDef - enter user credentials
[INFO ] 2024-05-20 02:58:53.400 [main] StepDef - click on login button
[INFO ] 2024-05-20 03:00:26.651 [main] StepDef - browser launched
[INFO ] 2024-05-20 03:00:31.409 [main] StepDef - open url
[INFO ] 2024-05-20 03:00:31.847 [main] StepDef - enter user credentials
[INFO ] 2024-05-20 03:00:36.554 [main] StepDef - click on login button
[INFO ] 2024-05-20 03:02:22.829 [main] StepDef - browser launched
[INFO ] 2024-05-20 03:02:26.796 [main] StepDef - open url
[INFO ] 2024-05-20 03:02:27.277 [main] StepDef - enter user credentials
[INFO ] 2024-05-20 03:02:30.279 [main] StepDef - click on login button
[INFO ] 2024-05-20 03:05:01.208 [main] StepDef - browser launched
[INFO ] 2024-05-20 03:05:05.988 [main] StepDef - open url
[INFO ] 2024-05-20 03:05:06.451 [main] StepDef - enter user credentials
[INFO ] 2024-05-20 03:05:09.074 [main] StepDef - click on login button
[INFO ] 2024-05-20 03:19:08.282 [main] StepDef - browser launched
[INFO ] 2024-05-20 03:19:14.092 [main] StepDef - open url
[INFO ] 2024-05-20 03:19:14.501 [main] StepDef - enter user credentials
[INFO ] 2024-05-20 03:19:17.650 [main] StepDef - click on login button
[INFO ] 2024-05-20 03:51:51.426 [main] StepDef - browser launched
[INFO ] 2024-05-20 03:51:54.767 [main] StepDef - open url
[INFO ] 2024-05-20 03:51:55.964 [main] StepDef - enter user credentials
[INFO ] 2024-05-20 03:52:01.260 [main] StepDef - click on login button
[INFO ] 2024-05-20 04:20:51.379 [main] StepDef - browser launched
[INFO ] 2024-05-20 04:20:55.616 [main] StepDef - open url
[INFO ] 2024-05-20 04:20:56.389 [main] StepDef - enter user credentials
[INFO ] 2024-05-20 04:21:02.876 [main] StepDef - click on login button
[INFO ] 2024-05-21 21:00:38.877 [main] StepDef - browser launched
[INFO ] 2024-05-21 21:03:41.885 [main] StepDef - browser launched
[INFO ] 2024-05-21 21:03:48.679 [main] StepDef - open url
[INFO ] 2024-05-21 21:03:50.000 [main] StepDef - enter user credentials
[INFO ] 2024-05-21 21:03:54.729 [main] StepDef - click on login button
[INFO ] 2024-05-21 21:11:24.010 [main] StepDef - browser launched
[INFO ] 2024-05-21 21:11:31.342 [main] StepDef - open url
[INFO ] 2024-05-21 21:11:31.750 [main] StepDef - enter user credentials
[INFO ] 2024-05-21 21:11:36.966 [main] StepDef - click on login button
[INFO ] 2024-05-21 21:11:41.678 [main] StepDef - user is aded
[INFO ] 2024-05-21 21:11:54.396 [main] StepDef - browser launched
[INFO ] 2024-05-21 21:12:00.859 [main] StepDef - open url
[INFO ] 2024-05-21 21:12:01.252 [main] StepDef - enter user credentials
[INFO ] 2024-05-21 21:12:04.506 [main] StepDef - click on login button
[INFO ] 2024-05-21 21:14:55.091 [main] StepDef - browser launched
[INFO ] 2024-05-21 21:15:03.120 [main] StepDef - open url
[INFO ] 2024-05-21 21:15:03.507 [main] StepDef - enter user credentials
[INFO ] 2024-05-21 21:15:07.654 [main] StepDef - click on login button
[INFO ] 2024-05-21 21:15:11.346 [main] StepDef - user is aded
[INFO ] 2024-05-21 21:15:19.583 [main] StepDef - browser launched
[INFO ] 2024-05-21 21:15:26.637 [main] StepDef - open url
[INFO ] 2024-05-21 21:15:27.011 [main] StepDef - enter user credentials
[INFO ] 2024-05-21 21:15:33.549 [main] StepDef - click on login button
[INFO ] 2024-05-21 21:16:48.178 [main] StepDef - browser launched
[INFO ] 2024-05-21 21:16:53.443 [main] StepDef - open url
[INFO ] 2024-05-21 21:16:53.952 [main] StepDef - enter user credentials
[INFO ] 2024-05-21 21:16:59.003 [main] StepDef - click on login button
[INFO ] 2024-05-21 21:17:03.695 [main] StepDef - user is aded
[INFO ] 2024-05-21 21:17:11.441 [main] StepDef - browser launched
[INFO ] 2024-05-21 21:17:17.526 [main] StepDef - open url
[INFO ] 2024-05-21 21:17:17.934 [main] StepDef - enter user credentials
[INFO ] 2024-05-21 21:17:22.576 [main] StepDef - click on login button
[INFO ] 2024-05-21 21:27:15.314 [main] StepDef - browser launched
[INFO ] 2024-05-21 21:27:20.261 [main] StepDef - open url
[INFO ] 2024-05-21 21:27:20.619 [main] StepDef - enter user credentials
[INFO ] 2024-05-21 21:27:23.891 [main] StepDef - click on login button
[INFO ] 2024-05-21 21:27:28.285 [main] StepDef - user is aded
[INFO ] 2024-05-21 21:27:35.432 [main] StepDef - browser launched
[INFO ] 2024-05-21 21:27:40.412 [main] StepDef - open url
[INFO ] 2024-05-21 21:27:40.751 [main] StepDef - enter user credentials
[INFO ] 2024-05-21 21:27:46.002 [main] StepDef - click on login button
[INFO ] 2024-05-21 21:29:33.265 [main] StepDef - browser launched
[INFO ] 2024-05-21 21:29:38.577 [main] StepDef - open url
[INFO ] 2024-05-21 21:29:38.939 [main] StepDef - enter user credentials
[INFO ] 2024-05-21 21:29:44.328 [main] StepDef - click on login button
[INFO ] 2024-05-21 21:29:50.693 [main] StepDef - user is aded
[INFO ] 2024-05-21 21:29:58.171 [main] StepDef - browser launched
[INFO ] 2024-05-21 21:30:03.185 [main] StepDef - open url
[INFO ] 2024-05-21 21:30:03.598 [main] StepDef - enter user credentials
[INFO ] 2024-05-21 21:30:08.299 [main] StepDef - click on login button
[INFO ] 2024-05-21 21:37:29.713 [main] StepDef - browser launched
[INFO ] 2024-05-21 21:37:34.202 [main] StepDef - open url
[INFO ] 2024-05-21 21:37:34.561 [main] StepDef - enter user credentials
[INFO ] 2024-05-21 21:37:41.110 [main] StepDef - click on login button
[INFO ] 2024-05-21 21:37:44.107 [main] StepDef - user is aded
[INFO ] 2024-05-21 21:37:51.859 [main] StepDef - browser launched
[INFO ] 2024-05-21 21:37:57.804 [main] StepDef - open url
[INFO ] 2024-05-21 21:37:58.192 [main] StepDef - enter user credentials
[INFO ] 2024-05-21 21:38:06.480 [main] StepDef - click on login button
[INFO ] 2024-05-21 21:43:17.016 [main] StepDef - browser launched
[INFO ] 2024-05-21 21:43:21.899 [main] StepDef - open url
[INFO ] 2024-05-21 21:43:22.269 [main] StepDef - enter user credentials
[INFO ] 2024-05-21 21:43:25.879 [main] StepDef - click on login button
[INFO ] 2024-05-21 21:43:29.515 [main] StepDef - user is aded
[INFO ] 2024-05-21 21:43:36.563 [main] StepDef - browser launched
[INFO ] 2024-05-21 21:43:41.061 [main] StepDef - open url
[INFO ] 2024-05-21 21:43:41.395 [main] StepDef - enter user credentials
[INFO ] 2024-05-21 21:43:46.805 [main] StepDef - click on login button
[INFO ] 2024-05-21 22:00:26.979 [main] StepDef - browser launched
[INFO ] 2024-05-21 22:00:34.097 [main] StepDef - open url
[INFO ] 2024-05-21 22:00:34.625 [main] StepDef - enter user credentials
[INFO ] 2024-05-21 22:01:03.342 [main] StepDef - click on login button
[INFO ] 2024-05-21 22:01:12.661 [main] StepDef - user is aded
[INFO ] 2024-05-21 22:01:30.054 [main] StepDef - browser launched
[INFO ] 2024-05-21 22:01:36.645 [main] StepDef - open url
[INFO ] 2024-05-21 22:01:37.028 [main] StepDef - enter user credentials
[INFO ] 2024-05-21 22:01:40.793 [main] StepDef - click on login button
[INFO ] 2024-05-21 22:03:08.779 [main] StepDef - browser launched
[INFO ] 2024-05-21 22:03:13.697 [main] StepDef - open url
[INFO ] 2024-05-21 22:03:14.102 [main] StepDef - enter user credentials
[INFO ] 2024-05-21 22:03:19.871 [main] StepDef - click on login button
[INFO ] 2024-05-21 22:03:24.395 [main] StepDef - user is aded
[INFO ] 2024-05-21 22:03:31.519 [main] StepDef - browser launched
[INFO ] 2024-05-21 22:03:35.979 [main] StepDef - open url
[INFO ] 2024-05-21 22:03:36.424 [main] StepDef - enter user credentials
[INFO ] 2024-05-21 22:03:39.362 [main] StepDef - click on login button
[INFO ] 2024-05-21 22:14:29.714 [main] StepDef - browser launched
[INFO ] 2024-05-21 22:14:34.768 [main] StepDef - open url
[INFO ] 2024-05-21 22:14:35.285 [main] StepDef - enter user credentials
[INFO ] 2024-05-21 22:14:39.007 [main] StepDef - click on login button
[INFO ] 2024-05-21 22:14:43.501 [main] StepDef - user is aded
[INFO ] 2024-05-21 22:14:51.538 [main] StepDef - browser launched
[INFO ] 2024-05-21 22:14:56.636 [main] StepDef - open url
[INFO ] 2024-05-21 22:14:57.078 [main] StepDef - enter user credentials
[INFO ] 2024-05-21 22:15:01.445 [main] StepDef - click on login button
